0 info it worked if it ends with ok
1 verbose cli [ '/usr/local/bin/node',
1 verbose cli   '/usr/local/bin/npm',
1 verbose cli   'run',
1 verbose cli   'build-website-container' ]
2 info using npm@3.8.6
3 info using node@v6.1.0
4 verbose run-script [ 'prebuild-website-container',
4 verbose run-script   'build-website-container',
4 verbose run-script   'postbuild-website-container' ]
5 info lifecycle nude-artist-management.com@0.1.0-alpha~prebuild-website-container: nude-artist-management.com@0.1.0-alpha
6 silly lifecycle nude-artist-management.com@0.1.0-alpha~prebuild-website-container: no script for prebuild-website-container, continuing
7 info lifecycle nude-artist-management.com@0.1.0-alpha~build-website-container: nude-artist-management.com@0.1.0-alpha
8 verbose lifecycle nude-artist-management.com@0.1.0-alpha~build-website-container: unsafe-perm in lifecycle true
9 verbose lifecycle nude-artist-management.com@0.1.0-alpha~build-website-container: PATH: /usr/local/lib/node_modules/npm/bin/node-gyp-bin:/Users/jefe/repos/nude-artist-management.com/node_modules/.bin:/usr/local/bin:/Users/jefe/google-cloud-sdk/bin:/usr/local/bin:/usr/bin:/bin:/usr/sbin:/sbin
10 verbose lifecycle nude-artist-management.com@0.1.0-alpha~build-website-container: CWD: /Users/jefe/repos/nude-artist-management.com
11 silly lifecycle nude-artist-management.com@0.1.0-alpha~build-website-container: Args: [ '-c',
11 silly lifecycle   'docker build -t eu.gcr.io/cluster-01-1252/nude-artist-management:latest -t eu.gcr.io/cluster-01-1252/nude-artist-management:$TAG -f cluster/container/Dockerfile-Website . && gcloud docker push eu.gcr.io/cluster-01-1252/nude-artist-management:latest && gcloud docker push eu.gcr.io/cluster-01-1252/nude-artist-management:$TAG' ]
12 silly lifecycle nude-artist-management.com@0.1.0-alpha~build-website-container: Returned: code: 1  signal: null
13 info lifecycle nude-artist-management.com@0.1.0-alpha~build-website-container: Failed to exec build-website-container script
14 verbose stack Error: nude-artist-management.com@0.1.0-alpha build-website-container: `docker build -t eu.gcr.io/cluster-01-1252/nude-artist-management:latest -t eu.gcr.io/cluster-01-1252/nude-artist-management:$TAG -f cluster/container/Dockerfile-Website . && gcloud docker push eu.gcr.io/cluster-01-1252/nude-artist-management:latest && gcloud docker push eu.gcr.io/cluster-01-1252/nude-artist-management:$TAG`
14 verbose stack Exit status 1
14 verbose stack     at EventEmitter.<anonymous> (/usr/local/lib/node_modules/npm/lib/utils/lifecycle.js:239:16)
14 verbose stack     at emitTwo (events.js:106:13)
14 verbose stack     at EventEmitter.emit (events.js:191:7)
14 verbose stack     at ChildProcess.<anonymous> (/usr/local/lib/node_modules/npm/lib/utils/spawn.js:24:14)
14 verbose stack     at emitTwo (events.js:106:13)
14 verbose stack     at ChildProcess.emit (events.js:191:7)
14 verbose stack     at maybeClose (internal/child_process.js:850:16)
14 verbose stack     at Process.ChildProcess._handle.onexit (internal/child_process.js:215:5)
15 verbose pkgid nude-artist-management.com@0.1.0-alpha
16 verbose cwd /Users/jefe/repos/nude-artist-management.com/src/website
17 error Darwin 15.4.0
18 error argv "/usr/local/bin/node" "/usr/local/bin/npm" "run" "build-website-container"
19 error node v6.1.0
20 error npm  v3.8.6
21 error code ELIFECYCLE
22 error nude-artist-management.com@0.1.0-alpha build-website-container: `docker build -t eu.gcr.io/cluster-01-1252/nude-artist-management:latest -t eu.gcr.io/cluster-01-1252/nude-artist-management:$TAG -f cluster/container/Dockerfile-Website . && gcloud docker push eu.gcr.io/cluster-01-1252/nude-artist-management:latest && gcloud docker push eu.gcr.io/cluster-01-1252/nude-artist-management:$TAG`
22 error Exit status 1
23 error Failed at the nude-artist-management.com@0.1.0-alpha build-website-container script 'docker build -t eu.gcr.io/cluster-01-1252/nude-artist-management:latest -t eu.gcr.io/cluster-01-1252/nude-artist-management:$TAG -f cluster/container/Dockerfile-Website . && gcloud docker push eu.gcr.io/cluster-01-1252/nude-artist-management:latest && gcloud docker push eu.gcr.io/cluster-01-1252/nude-artist-management:$TAG'.
23 error Make sure you have the latest version of node.js and npm installed.
23 error If you do, this is most likely a problem with the nude-artist-management.com package,
23 error not with npm itself.
23 error Tell the author that this fails on your system:
23 error     docker build -t eu.gcr.io/cluster-01-1252/nude-artist-management:latest -t eu.gcr.io/cluster-01-1252/nude-artist-management:$TAG -f cluster/container/Dockerfile-Website . && gcloud docker push eu.gcr.io/cluster-01-1252/nude-artist-management:latest && gcloud docker push eu.gcr.io/cluster-01-1252/nude-artist-management:$TAG
23 error You can get information on how to open an issue for this project with:
23 error     npm bugs nude-artist-management.com
23 error Or if that isn't available, you can get their info via:
23 error     npm owner ls nude-artist-management.com
23 error There is likely additional logging output above.
24 verbose exit [ 1, true ]
